<?xml version="1.0" encoding="UTF-8"?>
<!-- Generated by org.testng.reporters.JUnitReportReporter -->
<testsuite skipped="0" hostname="Windows-PC" name="differentWaysToPOST.CreateProjectUsingJSONobject" tests="1" failures="0" timestamp="20 Apr 2022 11:36:28 GMT" time="6.895" errors="0">
  <testcase name="createprojectusingjson" time="6.895" classname="differentWaysToPOST.CreateProjectUsingJSONobject"/>
</testsuite> <!-- differentWaysToPOST.CreateProjectUsingJSONobject -->
