<?xml version="1.0" encoding="UTF-8"?>
<!-- Generated by org.testng.reporters.JUnitReportReporter -->
<testsuite skipped="0" hostname="Windows-PC" name="parameters.Formparameter" tests="1" failures="0" timestamp="21 Apr 2022 09:31:06 GMT" time="5.748" errors="0">
  <testcase name="createprojectusingformparameter" time="5.748" classname="parameters.Formparameter"/>
</testsuite> <!-- parameters.Formparameter -->
