<?xml version="1.0" encoding="UTF-8"?>
<!-- Generated by org.testng.reporters.JUnitReportReporter -->
<testsuite skipped="0" hostname="Windows-PC" name="com.rmg.parametertest.GetoneProjectUsinPathParam" tests="1" failures="0" timestamp="19 Apr 2022 12:24:59 GMT" time="6.651" errors="0">
  <testcase name="getRepoTest" time="6.651" classname="com.rmg.parametertest.GetoneProjectUsinPathParam"/>
</testsuite> <!-- com.rmg.parametertest.GetoneProjectUsinPathParam -->
