<?xml version="1.0" encoding="UTF-8"?>
<!-- Generated by org.testng.reporters.JUnitReportReporter -->
<testsuite skipped="0" hostname="Windows-PC" name="responseValidation.StaticResponseValidation" tests="1" failures="0" timestamp="21 Apr 2022 06:15:45 GMT" time="7.584" errors="0">
  <testcase name="staticresponsevalidation" time="7.584" classname="responseValidation.StaticResponseValidation"/>
</testsuite> <!-- responseValidation.StaticResponseValidation -->
