<?xml version="1.0" encoding="UTF-8"?>
<!-- Generated by org.testng.reporters.JUnitReportReporter -->
<testsuite skipped="0" hostname="Windows-PC" name="requestChaining.CreateProjectAnddeleteProject" tests="1" failures="0" timestamp="21 Apr 2022 10:31:27 GMT" time="8.082" errors="0">
  <testcase name="ceateprojectandgetproject" time="8.082" classname="requestChaining.CreateProjectAnddeleteProject"/>
</testsuite> <!-- requestChaining.CreateProjectAnddeleteProject -->
