<?xml version="1.0" encoding="UTF-8"?>
<!-- Generated by org.testng.reporters.JUnitReportReporter -->
<testsuite skipped="0" hostname="Windows-PC" name="authentications.BasicAuth" tests="3" failures="0" timestamp="21 Apr 2022 10:42:10 GMT" time="6.187" errors="0">
  <testcase name="basicDigestiveAuth" time="5.725" classname="authentications.BasicAuth"/>
  <testcase name="basicauth" time="0.225" classname="authentications.BasicAuth"/>
  <testcase name="basicPreEmptiveAuth" time="0.237" classname="authentications.BasicAuth"/>
</testsuite> <!-- authentications.BasicAuth -->
