<?xml version="1.0" encoding="UTF-8"?>
<!-- Generated by org.testng.reporters.JUnitReportReporter -->
<testsuite skipped="0" hostname="Windows-PC" name="differentWaysToPOST.CreateProjectUsingJSONFile" tests="1" failures="0" timestamp="20 Apr 2022 11:37:43 GMT" time="5.491" errors="0">
  <testcase name="createprojectusingjsonfile" time="5.491" classname="differentWaysToPOST.CreateProjectUsingJSONFile"/>
</testsuite> <!-- differentWaysToPOST.CreateProjectUsingJSONFile -->
