<?xml version="1.0" encoding="UTF-8"?>
<!-- Generated by org.testng.reporters.JUnitReportReporter -->
<testsuite skipped="0" hostname="Windows-PC" name="crudoperationwithoutBDD.GetAllProjects" tests="1" failures="0" timestamp="20 Apr 2022 09:23:09 GMT" time="5.913" errors="0">
  <testcase name="getallprojects" time="5.913" classname="crudoperationwithoutBDD.GetAllProjects"/>
</testsuite> <!-- crudoperationwithoutBDD.GetAllProjects -->
