<?xml version="1.0" encoding="UTF-8"?>
<!-- Generated by org.testng.reporters.JUnitReportReporter -->
<testsuite skipped="0" hostname="Windows-PC" name="differentWaysToPOST.CreateProjectUsingPOJO" tests="1" failures="0" timestamp="20 Apr 2022 11:38:58 GMT" time="6.432" errors="0">
  <testcase name="createproject" time="6.432" classname="differentWaysToPOST.CreateProjectUsingPOJO"/>
</testsuite> <!-- differentWaysToPOST.CreateProjectUsingPOJO -->
