<?xml version="1.0" encoding="UTF-8"?>
<!-- Generated by org.testng.reporters.JUnitReportReporter -->
<testsuite skipped="0" hostname="Windows-PC" name="responseValidation.ResponseTimeValidation" tests="1" failures="0" timestamp="21 Apr 2022 07:11:30 GMT" time="4.882" errors="0">
  <testcase name="responsetimeValidation" time="4.882" classname="responseValidation.ResponseTimeValidation"/>
</testsuite> <!-- responseValidation.ResponseTimeValidation -->
