<?xml version="1.0" encoding="UTF-8"?>
<!-- Generated by org.testng.reporters.JUnitReportReporter -->
<testsuite skipped="0" hostname="Windows-PC" name="crudoperationwidoutBDD.GetAllProjects" tests="1" failures="0" timestamp="20 Apr 2022 09:44:18 GMT" time="14.938" errors="0">
  <testcase name="getAllProjects" time="14.938" classname="crudoperationwidoutBDD.GetAllProjects"/>
</testsuite> <!-- crudoperationwidoutBDD.GetAllProjects -->
