<?xml version="1.0" encoding="UTF-8"?>
<!-- Generated by org.testng.reporters.JUnitReportReporter -->
<testsuite skipped="0" hostname="Windows-PC" name="com.rmg.projecttest.SampleprojectTest" tests="1" failures="0" timestamp="19 Apr 2022 11:42:22 GMT" time="4.768" errors="0">
  <testcase name="getAllProjectTest" time="4.768" classname="com.rmg.projecttest.SampleprojectTest"/>
</testsuite> <!-- com.rmg.projecttest.SampleprojectTest -->
