<?xml version="1.0" encoding="UTF-8"?>
<!-- Generated by org.testng.reporters.JUnitReportReporter -->
<testsuite skipped="0" hostname="Windows-PC" name="crudoperationwithoutBDD.GetSingleProjectTest" tests="1" failures="0" timestamp="20 Apr 2022 09:21:44 GMT" time="11.482" errors="0">
  <testcase name="getsingleproject" time="11.482" classname="crudoperationwithoutBDD.GetSingleProjectTest"/>
</testsuite> <!-- crudoperationwithoutBDD.GetSingleProjectTest -->
