<?xml version="1.0" encoding="UTF-8"?>
<!-- Generated by org.testng.reporters.JUnitReportReporter -->
<testsuite skipped="0" hostname="Windows-PC" name="parameters.ParametersTestforGit" tests="1" failures="0" timestamp="21 Apr 2022 10:28:08 GMT" time="7.626" errors="0">
  <testcase name="parametertest" time="7.626" classname="parameters.ParametersTestforGit"/>
</testsuite> <!-- parameters.ParametersTestforGit -->
