<?xml version="1.0" encoding="UTF-8"?>
<!-- Generated by org.testng.reporters.JUnitReportReporter -->
<testsuite skipped="0" hostname="Windows-PC" name="responseValidation.DynamicResponseValidation" tests="1" failures="0" timestamp="21 Apr 2022 06:46:25 GMT" time="6.101" errors="0">
  <testcase name="dynamicResponsevalidation" time="6.101" classname="responseValidation.DynamicResponseValidation"/>
</testsuite> <!-- responseValidation.DynamicResponseValidation -->
