<?xml version="1.0" encoding="UTF-8"?>
<!-- Generated by org.testng.reporters.JUnitReportReporter -->
<testsuite skipped="0" hostname="Windows-PC" name="crudoperationwidoutBDD.UpdateProject" tests="1" failures="0" timestamp="20 Apr 2022 09:40:12 GMT" time="6.937" errors="0">
  <testcase name="updateProject" time="6.937" classname="crudoperationwidoutBDD.UpdateProject"/>
</testsuite> <!-- crudoperationwidoutBDD.UpdateProject -->
