<?xml version="1.0" encoding="UTF-8"?>
<!-- Generated by org.testng.reporters.JUnitReportReporter -->
<testsuite skipped="0" hostname="Windows-PC" name="crudoperationwithoutBDD.CreateProjectTest" tests="1" failures="0" timestamp="20 Apr 2022 07:21:17 GMT" time="18.113" errors="0">
  <testcase name="createProjectTest" time="18.113" classname="crudoperationwithoutBDD.CreateProjectTest"/>
</testsuite> <!-- crudoperationwithoutBDD.CreateProjectTest -->
