<?xml version="1.0" encoding="UTF-8"?>
<!-- Generated by org.testng.reporters.JUnitReportReporter -->
<testsuite skipped="0" hostname="Windows-PC" name="parameters.QueryParameter" tests="1" failures="0" timestamp="21 Apr 2022 08:09:13 GMT" time="6.599" errors="0">
  <testcase name="queryparameter" time="6.599" classname="parameters.QueryParameter"/>
</testsuite> <!-- parameters.QueryParameter -->
