<?xml version="1.0" encoding="UTF-8"?>
<!-- Generated by org.testng.reporters.JUnitReportReporter -->
<testsuite skipped="0" hostname="Windows-PC" name="authentications.BearerToken" tests="1" failures="0" timestamp="21 Apr 2022 10:54:28 GMT" time="7.710" errors="0">
  <testcase name="bearerToken" time="7.710" classname="authentications.BearerToken"/>
</testsuite> <!-- authentications.BearerToken -->
