<?xml version="1.0" encoding="UTF-8"?>
<!-- Generated by org.testng.reporters.JUnitReportReporter -->
<testsuite skipped="0" hostname="Windows-PC" name="responseValidation.StaticResponseValidationGet" tests="1" failures="0" timestamp="21 Apr 2022 06:31:08 GMT" time="7.333" errors="0">
  <testcase name="staticresponsevalidationget" time="7.333" classname="responseValidation.StaticResponseValidationGet"/>
</testsuite> <!-- responseValidation.StaticResponseValidationGet -->
