<?xml version="1.0" encoding="UTF-8"?>
<!-- Generated by org.testng.reporters.JUnitReportReporter -->
<testsuite skipped="0" hostname="Windows-PC" name="requestChaining.CreateProjectAndGetProject" tests="1" failures="0" timestamp="21 Apr 2022 10:17:14 GMT" time="7.438" errors="0">
  <testcase name="ceateprojectandgetproject" time="7.438" classname="requestChaining.CreateProjectAndGetProject"/>
</testsuite> <!-- requestChaining.CreateProjectAndGetProject -->
