<?xml version="1.0" encoding="UTF-8"?>
<!-- Generated by org.testng.reporters.JUnitReportReporter -->
<testsuite skipped="0" hostname="Windows-PC" name="dataDrivenTesting.CreateMultipleprojectswiddiffData" tests="2" failures="0" timestamp="21 Apr 2022 09:30:31 GMT" time="6.782" errors="0">
  <testcase name="createMultipleProjects" time="6.524" classname="dataDrivenTesting.CreateMultipleprojectswiddiffData"/>
  <testcase name="createMultipleProjects" time="0.258" classname="dataDrivenTesting.CreateMultipleprojectswiddiffData"/>
</testsuite> <!-- dataDrivenTesting.CreateMultipleprojectswiddiffData -->
