<?xml version="1.0" encoding="UTF-8"?>
<!-- Generated by org.testng.reporters.JUnitReportReporter -->
<testsuite skipped="0" hostname="Windows-PC" name="crudoperationwidoutBDD.GetOneProject" tests="1" failures="0" timestamp="20 Apr 2022 09:45:31 GMT" time="6.021" errors="0">
  <testcase name="getAllProjects" time="6.021" classname="crudoperationwidoutBDD.GetOneProject"/>
</testsuite> <!-- crudoperationwidoutBDD.GetOneProject -->
