<?xml version="1.0" encoding="UTF-8"?>
<!-- Generated by org.testng.reporters.JUnitReportReporter -->
<testsuite skipped="0" hostname="Windows-PC" name="authentications.Oauth2_0" tests="1" failures="0" timestamp="21 Apr 2022 12:22:33 GMT" time="9.190" errors="0">
  <testcase name="oauthAuthentication" time="9.190" classname="authentications.Oauth2_0"/>
</testsuite> <!-- authentications.Oauth2_0 -->
