<?xml version="1.0" encoding="UTF-8"?>
<!-- Generated by org.testng.reporters.JUnitReportReporter -->
<testsuite skipped="0" hostname="Windows-PC" name="crudoperationwidoutBDD.CreateProjectTest" tests="1" failures="0" timestamp="20 Apr 2022 09:37:57 GMT" time="7.358" errors="0">
  <testcase name="createproject" time="7.358" classname="crudoperationwidoutBDD.CreateProjectTest"/>
</testsuite> <!-- crudoperationwidoutBDD.CreateProjectTest -->
